
Showing logs for build [32mcb-kubecd-bdd-nh-1573822177-pr-1[0m stage [32mfrom-build-pack[0m and container [32mstep-credential-initializer-kc874[0m
{"level":"warn","ts":1573825595.4616609,"logger":"fallback-logger","caller":"logging/config.go:69","msg":"Fetch GitHub commit ID from kodata failed: \"ref: refs/heads/master\" is not a valid GitHub commit ID"}
{"level":"info","ts":1573825595.4622793,"logger":"fallback-logger","caller":"creds-init/main.go:40","msg":"Credentials initialized."}

Showing logs for build [32mcb-kubecd-bdd-nh-1573822177-pr-1[0m stage [32mfrom-build-pack[0m and container [32mstep-working-dir-initializer-lt8mn[0m
{"level":"warn","ts":1573825595.929162,"logger":"fallback-logger","caller":"logging/config.go:69","msg":"Fetch GitHub commit ID from kodata failed: open /var/run/ko/HEAD: no such file or directory"}
{"level":"info","ts":1573825595.9304156,"logger":"fallback-logger","caller":"bash/main.go:65","msg":"Successfully executed command \"mkdir -p /workspace/source\""}

Showing logs for build [32mcb-kubecd-bdd-nh-1573822177-pr-1[0m stage [32mfrom-build-pack[0m and container [32mstep-place-tools[0m

Showing logs for build [32mcb-kubecd-bdd-nh-1573822177-pr-1[0m stage [32mfrom-build-pack[0m and container [32mstep-git-source-cb-kubecd-bdd-nh-1573822177-pr-m7qnc[0m
{"level":"warn","ts":1573825627.1844919,"logger":"fallback-logger","caller":"logging/config.go:69","msg":"Fetch GitHub commit ID from kodata failed: \"ref: refs/heads/master\" is not a valid GitHub commit ID"}
{"level":"info","ts":1573825628.27159,"logger":"fallback-logger","caller":"git/git.go:102","msg":"Successfully cloned https://github.com/cb-kubecd/bdd-nh-1573822177.git @ master in path /workspace/source"}

Showing logs for build [32mcb-kubecd-bdd-nh-1573822177-pr-1[0m stage [32mfrom-build-pack[0m and container [32mstep-git-merge[0m
Using SHAs from PULL_REFS=master:35817883bf05e77839a997a61c141758b36e1180,1:0b3981d2d07a33f4980920ced6f5fe8da57dd90c
DEBUG: ran git fetch --unshallow origin 0b3981d2d07a33f4980920ced6f5fe8da57dd90c: 35817883bf05e77839a997a61c141758b36e1180: in 
DEBUG: ran git checkout master in 
DEBUG: ran git reset --hard 35817883bf05e77839a997a61c141758b36e1180 in 
DEBUG: ran clean --force -d . in 
DEBUG: ran git merge 0b3981d2d07a33f4980920ced6f5fe8da57dd90c in 
Merged SHA 0b3981d2d07a33f4980920ced6f5fe8da57dd90c with commit message 'My first PR commit' into base branch master

Showing logs for build [32mcb-kubecd-bdd-nh-1573822177-pr-1[0m stage [32mfrom-build-pack[0m and container [32mstep-build-npmrc[0m
WARNING: failed to find Secret npm-token in namespace **

Showing logs for build [32mcb-kubecd-bdd-nh-1573822177-pr-1[0m stage [32mfrom-build-pack[0m and container [32mstep-build-npm-install[0m
npm notice created a lockfile as package-lock.json. You should commit this file.
npm WARN REPLACE_ME@1.0.0 No repository field.
npm WARN REPLACE_ME@1.0.0 No license field.

up to date in 0.376s
found 0 vulnerabilities


Showing logs for build [32mcb-kubecd-bdd-nh-1573822177-pr-1[0m stage [32mfrom-build-pack[0m and container [32mstep-build-npm-test[0m

> REPLACE_ME@1.0.0 test /workspace/source
> echo "no test specified" && exit 0

no test specified

Showing logs for build [32mcb-kubecd-bdd-nh-1573822177-pr-1[0m stage [32mfrom-build-pack[0m and container [32mstep-build-container-build[0m
[36mINFO[0m[0000] Downloading base image node:9-slim           
ERROR: logging before flag.Parse: E1115 13:47:13.622186       9 metadata.go:159] while reading 'google-dockercfg-url' metadata: http status code: 404 while fetching url http://metadata.google.internal./computeMetadata/v1/instance/attributes/google-dockercfg-url
ERROR: logging before flag.Parse: E1115 13:47:13.645378       9 metadata.go:142] while reading 'google-dockercfg' metadata: http status code: 404 while fetching url http://metadata.google.internal./computeMetadata/v1/instance/attributes/google-dockercfg
2019/11/15 13:47:13 No matching credentials were found, falling back on anonymous
[36mINFO[0m[0001] Error while retrieving image from cache: getting file info: stat /workspace/sha256:0e0175bbe4f8d9d104590d8d2c591017874e30977cb71aaff1cf6fa99479575c: no such file or directory 
[36mINFO[0m[0001] Downloading base image node:9-slim           
2019/11/15 13:47:14 No matching credentials were found, falling back on anonymous
[36mINFO[0m[0002] Executing 0 build triggers                   
[36mINFO[0m[0002] cmd: EXPOSE                                  
[36mINFO[0m[0002] Adding exposed port: 8080/tcp                
[36mINFO[0m[0002] Using files from context: [/workspace/source] 
[36mINFO[0m[0002] Skipping unpacking as no commands require it. 
[36mINFO[0m[0002] Taking snapshot of full filesystem...        
[36mINFO[0m[0002] ENV PORT 8080                                
[36mINFO[0m[0002] No files changed in this command, skipping snapshotting. 
[36mINFO[0m[0002] EXPOSE 8080                                  
[36mINFO[0m[0002] cmd: EXPOSE                                  
[36mINFO[0m[0002] Adding exposed port: 8080/tcp                
[36mINFO[0m[0002] No files changed in this command, skipping snapshotting. 
[36mINFO[0m[0002] WORKDIR /usr/src/app                         
[36mINFO[0m[0002] cmd: workdir                                 
[36mINFO[0m[0002] Changed working directory to /usr/src/app    
[36mINFO[0m[0002] Creating directory /usr/src/app              
[36mINFO[0m[0002] Taking snapshot of files...                  
[36mINFO[0m[0002] Using files from context: [/workspace/source] 
[36mINFO[0m[0002] COPY . .                                     
[36mINFO[0m[0002] Taking snapshot of files...                  
[36mINFO[0m[0002] CMD ["npm", "start"]                         
[36mINFO[0m[0002] No files changed in this command, skipping snapshotting. 
2019/11/15 13:47:16 existing blob: sha256:196b8e3c919d5639193ba6c6e54774528942041bbc37606631a2250502985c3c
2019/11/15 13:47:16 existing blob: sha256:5bba3ecb4cd6374a19da45f2a3db0a9c0804984358b3bb4b666c28944016e5ff
2019/11/15 13:47:16 existing blob: sha256:e01bd28a434b56ffd2a3fe9aa99b9b69aecca69904843edd30b1ee7150d79904
2019/11/15 13:47:16 existing blob: sha256:a88538b9cd05cfa611e43a25582a95ad7879f6fa708b0386a26b71ee62235bb3
2019/11/15 13:47:16 existing blob: sha256:7d083412657baa2dafba8d093034ef26f9ed2c90fb6ed95f76bb55aff03ed429
2019/11/15 13:47:19 pushed blob: sha256:ee41d2c7f8316723a675aff6497882ca65e1b781232a54cadb75e8364e4ccf54
2019/11/15 13:47:19 pushed blob: sha256:0bcaf0240794988657b79bcd3034a1d632b4dbb5b9fe1fa87cd5b63fe49ee40b
2019/11/15 13:47:19 pushed blob: sha256:099dfd87a5ad96d4affa5202c4e37a9e9fd09f84e720707c093cd30b0a8cd43b
2019/11/15 13:47:21 gcr.io/jenkins-x-bdd3/bdd-nh-1573822177:0.0.0-SNAPSHOT-PR-1-1: digest: sha256:bc9414206b81718c1d7112f7b2661c27f8b238cf2695c5d15caae40c9421f320 size: 1404

Showing logs for build [32mcb-kubecd-bdd-nh-1573822177-pr-1[0m stage [32mfrom-build-pack[0m and container [32mstep-postbuild-post-build[0m
no CVE provider running in the current ** namespace so skip adding image to be analysed

Showing logs for build [32mcb-kubecd-bdd-nh-1573822177-pr-1[0m stage [32mfrom-build-pack[0m and container [32mstep-promote-make-preview[0m
sed -i -e "s/version:.*/version: 0.0.0-SNAPSHOT-PR-1-1/" Chart.yaml
sed -i -e "s/version:.*/version: 0.0.0-SNAPSHOT-PR-1-1/" ../*/Chart.yaml
sed -i -e "s|repository:.*|repository: gcr.io\/jenkins-x-bdd3\/bdd-nh-1573822177|" values.yaml
sed -i -e "s/tag:.*/tag: 0.0.0-SNAPSHOT-PR-1-1/" values.yaml
echo "  version: 0.0.0-SNAPSHOT-PR-1-1" >> requirements.yaml
** step helm build
WARNING: No $CHART_REPOSITORY defined so using the default value of: http://jenkins-x-chartmuseum:8080
Adding missing Helm repo: storage.googleapis.com https://storage.googleapis.com/chartmuseum.jenkins-x.io
Read credentials for https://storage.googleapis.com/chartmuseum.jenkins-x.io from vault helm/repos
Successfully added Helm repository storage.googleapis.com.
Adding missing Helm repo: jenkins-x-chartmuseum http://jenkins-x-chartmuseum:8080
Read credentials for http://jenkins-x-chartmuseum:8080 from vault helm/repos
Successfully added Helm repository jenkins-x-chartmuseum.
WARNING: No $CHART_REPOSITORY defined so using the default value of: http://jenkins-x-chartmuseum:8080
Adding missing Helm repo: chartmuseum.jenkins-x.io http://chartmuseum.jenkins-x.io
Read credentials for http://chartmuseum.jenkins-x.io from vault helm/repos
Successfully added Helm repository chartmuseum.jenkins-x.io.

Showing logs for build [32mcb-kubecd-bdd-nh-1573822177-pr-1[0m stage [32mfrom-build-pack[0m and container [32mstep-promote-jx-preview[0m
Creating a preview
Created environment cb-kubecd-bdd-nh-1573822177-pr-1
Namespace **-cb-kubecd-bdd-nh-1573822177-pr-1 created 
expose:
  Annotations:
    helm.sh/hook: post-install,post-upgrade
    helm.sh/hook-delete-policy: hook-succeeded
  config:
    domain: c**d11.bdd.jenkins-x.rocks
    exposer: Ingress
    http: "true"
preview:
  image:
    repository: gcr.io/jenkins-x-bdd3/bdd-nh-1573822177
    tag: 0.0.0-SNAPSHOT-PR-1-1


Updating PipelineActivities cb-kubecd-bdd-nh-1573822177-pr-1-1 which has status Running
WARNING: preview application http://bdd-nh-1573822177.**-cb-kubecd-bdd-nh-1573822177-pr-1.c**d11.bdd.jenkins-x.rocks not available, error was Get http://bdd-nh-1573822177.**-cb-kubecd-bdd-nh-1573822177-pr-1.c**d11.bdd.jenkins-x.rocks: dial tcp: lookup bdd-nh-1573822177.**-cb-kubecd-bdd-nh-1573822177-pr-1.c**d11.bdd.jenkins-x.rocks on 10.51.240.10:53: no such host, delaying for: 1.050146921s
WARNING: preview application http://bdd-nh-1573822177.**-cb-kubecd-bdd-nh-1573822177-pr-1.c**d11.bdd.jenkins-x.rocks not available, error was Get http://bdd-nh-1573822177.**-cb-kubecd-bdd-nh-1573822177-pr-1.c**d11.bdd.jenkins-x.rocks: dial tcp: lookup bdd-nh-1573822177.**-cb-kubecd-bdd-nh-1573822177-pr-1.c**d11.bdd.jenkins-x.rocks on 10.51.240.10:53: no such host, delaying for: 2.123731972s
WARNING: preview application http://bdd-nh-1573822177.**-cb-kubecd-bdd-nh-1573822177-pr-1.c**d11.bdd.jenkins-x.rocks not available, error was Get http://bdd-nh-1573822177.**-cb-kubecd-bdd-nh-1573822177-pr-1.c**d11.bdd.jenkins-x.rocks: dial tcp: lookup bdd-nh-1573822177.**-cb-kubecd-bdd-nh-1573822177-pr-1.c**d11.bdd.jenkins-x.rocks on 10.51.240.10:53: no such host, delaying for: 2.458403445s
WARNING: preview application http://bdd-nh-1573822177.**-cb-kubecd-bdd-nh-1573822177-pr-1.c**d11.bdd.jenkins-x.rocks not available, error was Get http://bdd-nh-1573822177.**-cb-kubecd-bdd-nh-1573822177-pr-1.c**d11.bdd.jenkins-x.rocks: dial tcp: lookup bdd-nh-1573822177.**-cb-kubecd-bdd-nh-1573822177-pr-1.c**d11.bdd.jenkins-x.rocks on 10.51.240.10:53: no such host, delaying for: 3.806441792s
WARNING: preview application http://bdd-nh-1573822177.**-cb-kubecd-bdd-nh-1573822177-pr-1.c**d11.bdd.jenkins-x.rocks not available, error was Get http://bdd-nh-1573822177.**-cb-kubecd-bdd-nh-1573822177-pr-1.c**d11.bdd.jenkins-x.rocks: dial tcp: lookup bdd-nh-1573822177.**-cb-kubecd-bdd-nh-1573822177-pr-1.c**d11.bdd.jenkins-x.rocks on 10.51.240.10:53: no such host, delaying for: 6.567118239s
WARNING: preview application http://bdd-nh-1573822177.**-cb-kubecd-bdd-nh-1573822177-pr-1.c**d11.bdd.jenkins-x.rocks not available, error was Get http://bdd-nh-1573822177.**-cb-kubecd-bdd-nh-1573822177-pr-1.c**d11.bdd.jenkins-x.rocks: dial tcp: lookup bdd-nh-1573822177.**-cb-kubecd-bdd-nh-1573822177-pr-1.c**d11.bdd.jenkins-x.rocks on 10.51.240.10:53: no such host, delaying for: 6.190486398s
WARNING: preview application http://bdd-nh-1573822177.**-cb-kubecd-bdd-nh-1573822177-pr-1.c**d11.bdd.jenkins-x.rocks not available, error was Get http://bdd-nh-1573822177.**-cb-kubecd-bdd-nh-1573822177-pr-1.c**d11.bdd.jenkins-x.rocks: dial tcp: lookup bdd-nh-1573822177.**-cb-kubecd-bdd-nh-1573822177-pr-1.c**d11.bdd.jenkins-x.rocks on 10.51.240.10:53: no such host, delaying for: 5.84140762s
WARNING: preview application http://bdd-nh-1573822177.**-cb-kubecd-bdd-nh-1573822177-pr-1.c**d11.bdd.jenkins-x.rocks not available, error was Get http://bdd-nh-1573822177.**-cb-kubecd-bdd-nh-1573822177-pr-1.c**d11.bdd.jenkins-x.rocks: dial tcp: lookup bdd-nh-1573822177.**-cb-kubecd-bdd-nh-1573822177-pr-1.c**d11.bdd.jenkins-x.rocks on 10.51.240.10:53: no such host, delaying for: 14.204706135s
WARNING: preview application http://bdd-nh-1573822177.**-cb-kubecd-bdd-nh-1573822177-pr-1.c**d11.bdd.jenkins-x.rocks not available, error was Get http://bdd-nh-1573822177.**-cb-kubecd-bdd-nh-1573822177-pr-1.c**d11.bdd.jenkins-x.rocks: dial tcp: lookup bdd-nh-1573822177.**-cb-kubecd-bdd-nh-1573822177-pr-1.c**d11.bdd.jenkins-x.rocks on 10.51.240.10:53: no such host, delaying for: 37.773980375s
WARNING: preview application http://bdd-nh-1573822177.**-cb-kubecd-bdd-nh-1573822177-pr-1.c**d11.bdd.jenkins-x.rocks not available, error was Get http://bdd-nh-1573822177.**-cb-kubecd-bdd-nh-1573822177-pr-1.c**d11.bdd.jenkins-x.rocks: dial tcp: lookup bdd-nh-1573822177.**-cb-kubecd-bdd-nh-1573822177-pr-1.c**d11.bdd.jenkins-x.rocks on 10.51.240.10:53: no such host, delaying for: 55.738381144s
WARNING: preview application http://bdd-nh-1573822177.**-cb-kubecd-bdd-nh-1573822177-pr-1.c**d11.bdd.jenkins-x.rocks not available, error was Get http://bdd-nh-1573822177.**-cb-kubecd-bdd-nh-1573822177-pr-1.c**d11.bdd.jenkins-x.rocks: dial tcp: lookup bdd-nh-1573822177.**-cb-kubecd-bdd-nh-1573822177-pr-1.c**d11.bdd.jenkins-x.rocks on 10.51.240.10:53: no such host, delaying for: 1m4.921413071s
WARNING: preview application http://bdd-nh-1573822177.**-cb-kubecd-bdd-nh-1573822177-pr-1.c**d11.bdd.jenkins-x.rocks not available, error was Get http://bdd-nh-1573822177.**-cb-kubecd-bdd-nh-1573822177-pr-1.c**d11.bdd.jenkins-x.rocks: dial tcp: lookup bdd-nh-1573822177.**-cb-kubecd-bdd-nh-1573822177-pr-1.c**d11.bdd.jenkins-x.rocks on 10.51.240.10:53: no such host, delaying for: 1m15.104434734s
WARNING: preview application http://bdd-nh-1573822177.**-cb-kubecd-bdd-nh-1573822177-pr-1.c**d11.bdd.jenkins-x.rocks not available, error was Get http://bdd-nh-1573822177.**-cb-kubecd-bdd-nh-1573822177-pr-1.c**d11.bdd.jenkins-x.rocks: dial tcp: lookup bdd-nh-1573822177.**-cb-kubecd-bdd-nh-1573822177-pr-1.c**d11.bdd.jenkins-x.rocks on 10.51.240.10:53: no such host, delaying for: 48.630616573s
error: error checking if preview application http://bdd-nh-1573822177.**-cb-kubecd-bdd-nh-1573822177-pr-1.c**d11.bdd.jenkins-x.rocks is available: preview application http://bdd-nh-1573822177.**-cb-kubecd-bdd-nh-1573822177-pr-1.c**d11.bdd.jenkins-x.rocks not available, error was Get http://bdd-nh-1573822177.**-cb-kubecd-bdd-nh-1573822177-pr-1.c**d11.bdd.jenkins-x.rocks: dial tcp 35.187.87.196:80: i/o timeout
[31m
Pipeline failed on stage 'from-build-pack' : container 'step-promote-jx-preview'. The execution of the pipeline has stopped.[0m
